<?xml version="1.0" encoding="UTF-8"?>
<!-- Generated by org.testng.reporters.JUnitReportReporter -->
<testsuite hostname="srimantas-mbp.attlocal.net" name="com.qvc.navigation.NavigationDataDrivenTest" tests="1" failures="0" timestamp="31 Dec 2015 04:31:57 GMT" time="16.342" errors="0">
  <testcase name="Test" time="16.342" classname="com.qvc.navigation.NavigationDataDrivenTest"/>
</testsuite> <!-- com.qvc.navigation.NavigationDataDrivenTest -->
